c:\성결대학교 강의 및 학습 자료\2학년 1학기\프로그래밍 설계\최종 결과물2\escape_and_truth\escape_and_truth\x64\debug\vc143.pdb
c:\성결대학교 강의 및 학습 자료\2학년 1학기\프로그래밍 설계\최종 결과물2\escape_and_truth\escape_and_truth\x64\debug\vc143.idb
c:\성결대학교 강의 및 학습 자료\2학년 1학기\프로그래밍 설계\최종 결과물2\escape_and_truth\escape_and_truth\x64\debug\stories.obj
c:\성결대학교 강의 및 학습 자료\2학년 1학기\프로그래밍 설계\최종 결과물2\escape_and_truth\escape_and_truth\x64\debug\startscreen.obj
c:\성결대학교 강의 및 학습 자료\2학년 1학기\프로그래밍 설계\최종 결과물2\escape_and_truth\escape_and_truth\x64\debug\main.obj
c:\성결대학교 강의 및 학습 자료\2학년 1학기\프로그래밍 설계\최종 결과물2\escape_and_truth\escape_and_truth\x64\debug\lastgame.obj
c:\성결대학교 강의 및 학습 자료\2학년 1학기\프로그래밍 설계\최종 결과물2\escape_and_truth\escape_and_truth\x64\debug\game3.obj
c:\성결대학교 강의 및 학습 자료\2학년 1학기\프로그래밍 설계\최종 결과물2\escape_and_truth\escape_and_truth\x64\debug\game2.obj
c:\성결대학교 강의 및 학습 자료\2학년 1학기\프로그래밍 설계\최종 결과물2\escape_and_truth\escape_and_truth\x64\debug\game1.obj
c:\성결대학교 강의 및 학습 자료\2학년 1학기\프로그래밍 설계\최종 결과물2\escape_and_truth\x64\debug\escape_and_truth.exe
c:\성결대학교 강의 및 학습 자료\2학년 1학기\프로그래밍 설계\최종 결과물2\escape_and_truth\x64\debug\escape_and_truth.pdb
c:\성결대학교 강의 및 학습 자료\2학년 1학기\프로그래밍 설계\최종 결과물2\escape_and_truth\escape_and_truth\x64\debug\escape_and_truth.ilk
c:\성결대학교 강의 및 학습 자료\2학년 1학기\프로그래밍 설계\최종 결과물\escape_and_truth\escape_and_truth\x64\debug\game1.obj
c:\성결대학교 강의 및 학습 자료\2학년 1학기\프로그래밍 설계\최종 결과물\escape_and_truth\escape_and_truth\x64\debug\game2.obj
c:\성결대학교 강의 및 학습 자료\2학년 1학기\프로그래밍 설계\최종 결과물\escape_and_truth\escape_and_truth\x64\debug\game3.obj
c:\성결대학교 강의 및 학습 자료\2학년 1학기\프로그래밍 설계\최종 결과물\escape_and_truth\escape_and_truth\x64\debug\lastgame.obj
c:\성결대학교 강의 및 학습 자료\2학년 1학기\프로그래밍 설계\최종 결과물\escape_and_truth\escape_and_truth\x64\debug\main.obj
c:\성결대학교 강의 및 학습 자료\2학년 1학기\프로그래밍 설계\최종 결과물\escape_and_truth\escape_and_truth\x64\debug\startscreen.obj
c:\성결대학교 강의 및 학습 자료\2학년 1학기\프로그래밍 설계\최종 결과물\escape_and_truth\escape_and_truth\x64\debug\stories.obj
c:\성결대학교 강의 및 학습 자료\2학년 1학기\프로그래밍 설계\최종 결과물\escape_and_truth\escape_and_truth\x64\debug\escape_and_truth.ilk
c:\성결대학교 강의 및 학습 자료\2학년 1학기\프로그래밍 설계\최종 결과물\escape_and_truth\escape_and_truth\x64\debug\vc143.idb
c:\성결대학교 강의 및 학습 자료\2학년 1학기\프로그래밍 설계\최종 결과물\escape_and_truth\escape_and_truth\x64\debug\vc143.pdb
c:\성결대학교 강의 및 학습 자료\2학년 1학기\프로그래밍 설계\최종 결과물\escape_and_truth\x64\debug\escape_and_truth.pdb
c:\성결대학교 강의 및 학습 자료\2학년 1학기\프로그래밍 설계\최종 결과물\escape_and_truth\x64\debug\escape_and_truth.exe
c:\성결대학교 강의 및 학습 자료\2학년 1학기\프로그래밍 설계\최종 결과물\escape_and_truth\escape_and_truth\x64\debug\escape_and_truth.tlog\cl.command.1.tlog
c:\성결대학교 강의 및 학습 자료\2학년 1학기\프로그래밍 설계\최종 결과물\escape_and_truth\escape_and_truth\x64\debug\escape_and_truth.tlog\cl.items.tlog
c:\성결대학교 강의 및 학습 자료\2학년 1학기\프로그래밍 설계\최종 결과물\escape_and_truth\escape_and_truth\x64\debug\escape_and_truth.tlog\cl.read.1.tlog
c:\성결대학교 강의 및 학습 자료\2학년 1학기\프로그래밍 설계\최종 결과물\escape_and_truth\escape_and_truth\x64\debug\escape_and_truth.tlog\cl.write.1.tlog
c:\성결대학교 강의 및 학습 자료\2학년 1학기\프로그래밍 설계\최종 결과물\escape_and_truth\escape_and_truth\x64\debug\escape_and_truth.tlog\link.command.1.tlog
c:\성결대학교 강의 및 학습 자료\2학년 1학기\프로그래밍 설계\최종 결과물\escape_and_truth\escape_and_truth\x64\debug\escape_and_truth.tlog\link.read.1.tlog
c:\성결대학교 강의 및 학습 자료\2학년 1학기\프로그래밍 설계\최종 결과물\escape_and_truth\escape_and_truth\x64\debug\escape_and_truth.tlog\link.secondary.1.tlog
c:\성결대학교 강의 및 학습 자료\2학년 1학기\프로그래밍 설계\최종 결과물\escape_and_truth\escape_and_truth\x64\debug\escape_and_truth.tlog\link.write.1.tlog
